04/09 14:42:05 INFO  com.intellij.internal.statistic.uploader.ExternalDataCollectorLogger - Process started with '--ide-token C:\Users\MD Ashraf\AppData\Local\JetBrains\PyCharmCE2021.3\token --recorder FUS --files C:\Users\MD Ashraf\AppData\Local\JetBrains\PyCharmCE2021.3\event-log-data\logs\FUS\af69-4112-9795-1737d4c14509-213.5744.248-release.log --device 121221100d25164-b08b-4371-8a1b-610dac34ec08 --bucket 247 --machine-id 0b69c0406a2f11516b5fcf5e8d17d2121f0734eb682b90e8bba9910c006355d3 --id-revision-option 0 --url https://resources.jetbrains.com/storage/fus/config/v4/%s/%s.json --product PC --product-version 2021.3 --user-agent PyCharm/213.5744.248'
04/09 14:42:05 INFO  com.intellij.internal.statistic.uploader.ExternalDataCollectorLogger - Classpath:C:\Program Files\JetBrains\PyCharm Community Edition 2021.3\lib\kotlin-stdlib-jdk8.jar;C:\Program Files\JetBrains\PyCharm Community Edition 2021.3\lib\annotations-java5.jar;C:\Program Files\JetBrains\PyCharm Community Edition 2021.3\lib\3rd-party-rt.jar;C:\Program Files\JetBrains\PyCharm Community Edition 2021.3\lib\3rd-party-rt.jar;C:\Program Files\JetBrains\PyCharm Community Edition 2021.3\lib\3rd-party.jar;C:\Program Files\JetBrains\PyCharm Community Edition 2021.3\lib\stats.jar
04/09 14:42:05 INFO  com.intellij.internal.statistic.uploader.events.ExternalEventsLogger - 1662282725317 STARTED
04/09 14:42:05 INFO  com.intellij.internal.statistic.uploader.ExternalDataCollectorLogger - IDE token file: C:\Users\MD Ashraf\AppData\Local\JetBrains\PyCharmCE2021.3\token
04/09 14:42:05 INFO  com.intellij.internal.statistic.uploader.ExternalDataCollectorLogger - Waiting for 2000ms for IDE to close. Attempt #0
04/09 14:42:07 INFO  com.intellij.internal.statistic.uploader.ExternalDataCollectorLogger - Start uploading...
04/09 14:42:07 INFO  com.intellij.internal.statistic.uploader.ExternalDataCollectorLogger - {url:https://resources.jetbrains.com/storage/fus/config/v4/%s/%s.json, product:PC, userAgent:PyCharm/213.5744.248(External), internal:false, isTest:false}
04/09 14:42:07 INFO  com.intellij.internal.statistic.uploader.ExternalDataCollectorLogger - {recorder:FUS, files:C:\Users\MD Ashraf\AppData\Local\JetBrains\PyCharmCE2021.3\event-log-data\logs\FUS\af69-4112-9795-1737d4c14509-213.5744.248-release.log}
04/09 14:42:07 INFO  com.intellij.internal.statistic.uploader.ExternalDataCollectorLogger - {device:121221100d25164-b08b-4371-8a1b-610dac34ec08, bucket:247}
04/09 14:42:18 WARN  com.intellij.internal.statistic.uploader.ExternalDataCollectorLogger - request timed out
java.net.http.HttpTimeoutException: request timed out
	at java.net.http/jdk.internal.net.http.HttpClientImpl.send(HttpClientImpl.java:559)
	at java.net.http/jdk.internal.net.http.HttpClientFacade.send(HttpClientFacade.java:119)
	at com.intellij.internal.statistic.eventLog.connection.request.StatsRequestBuilder.trySend(StatsRequestBuilder.java:113)
	at com.intellij.internal.statistic.eventLog.connection.request.StatsRequestBuilder.trySend(StatsRequestBuilder.java:108)
	at com.intellij.internal.statistic.eventLog.connection.request.StatsRequestBuilder.send(StatsRequestBuilder.java:93)
	at com.intellij.internal.statistic.eventLog.connection.SettingsConnectionService.loadSettings(SettingsConnectionService.java:68)
	at com.intellij.internal.statistic.eventLog.connection.SettingsConnectionService.lambda$new$0(SettingsConnectionService.java:37)
	at com.intellij.internal.statistic.eventLog.connection.StatisticsCachingSupplier.get(StatisticsCachingSupplier.java:24)
	at com.intellij.internal.statistic.eventLog.connection.SettingsConnectionService.getExternalSettings(SettingsConnectionService.java:62)
	at com.intellij.internal.statistic.eventLog.connection.EventLogUploadSettingsService.isSettingsReachable(EventLogUploadSettingsService.java:60)
	at com.intellij.internal.statistic.eventLog.connection.EventLogStatisticsService.send(EventLogStatisticsService.java:83)
	at com.intellij.internal.statistic.eventLog.connection.EventLogStatisticsService.send(EventLogStatisticsService.java:59)
	at com.intellij.internal.statistic.uploader.EventLogUploader.execute(EventLogUploader.java:98)
	at com.intellij.internal.statistic.uploader.EventLogUploader.main(EventLogUploader.java:29)
04/09 14:42:18 INFO  com.intellij.internal.statistic.uploader.events.ExternalEventsLogger - 1662282738022 ERROR loading.config.failed java.net.http.HttpTimeoutException
04/09 14:42:18 INFO  com.intellij.internal.statistic.uploader.events.ExternalEventsLogger - 1662282738038 FINISHED ERROR_IN_CONFIG
04/09 14:42:18 TRACE com.intellij.internal.statistic.uploader.ExternalDataCollectorLogger - Uploading finished with ERROR_IN_CONFIG
04/09 14:42:18 TRACE com.intellij.internal.statistic.uploader.ExternalDataCollectorLogger - ERROR: settings server is unreachable
